<?xml version="1.0" encoding="UTF-8"?>
<testExecutions version="1">
  <file path="C:\Users\Juan Jose Viafara\OneDrive\Escritorio\I\UNIVERSIDAD JUAN JOSE\Semestre 6\Desarrollo Software 2\ProyectoDS2\frontend\tests\navbar.test.js">
    <testCase name="pruebas interfaz de navbar Titulo de la pagina presente" duration="70"/>
    <testCase name="pruebas interfaz de navbar Boton Facturacion presente" duration="81"/>
    <testCase name="pruebas interfaz de navbar Boton Facturacion presente" duration="21"/>
  </file>
  <file path="C:\Users\Juan Jose Viafara\OneDrive\Escritorio\I\UNIVERSIDAD JUAN JOSE\Semestre 6\Desarrollo Software 2\ProyectoDS2\frontend\tests\facturacion.test.js">
    <testCase name="pruebas interfaz de facturacion Titulo de la pagina presente" duration="201"/>
    <testCase name="pruebas interfaz de facturacion Informacion del vendendor y cliente presente" duration="106"/>
    <testCase name="pruebas interfaz de facturacion Boton para añadir productos funciona" duration="230"/>
    <testCase name="pruebas interfaz de facturacion Crear factura hace la solicitud POST correctamente" duration="209"/>
    <testCase name="pruebas interfaz de facturacion Añadir producto actualiza la lista de productos correctamente" duration="208"/>
  </file>
  <file path="C:\Users\Juan Jose Viafara\OneDrive\Escritorio\I\UNIVERSIDAD JUAN JOSE\Semestre 6\Desarrollo Software 2\ProyectoDS2\frontend\tests\productos.test.js">
    <testCase name="pruebas interfaz de productos Titulo de la pagina presente" duration="76"/>
    <testCase name="pruebas interfaz de productos Boton para añadir productos presente" duration="66"/>
    <testCase name="pruebas interfaz de productos Boton para añadir productos funciona" duration="122"/>
    <testCase name="pruebas interfaz de productos Formulario para añadir productos presente" duration="77"/>
    <testCase name="pruebas interfaz de productos Boton para añadir un producto funciona" duration="348"/>
    <testCase name="pruebas interfaz de productos Se puede editar el fabricante de un producto" duration="220"/>
  </file>
</testExecutions>