<?xml version="1.0" encoding="UTF-8"?>
<testExecutions version="1">
  <file path="C:\Users\Juan Jose Viafara\OneDrive\Escritorio\I\UNIVERSIDAD JUAN JOSE\Semestre 6\Desarrollo Software 2\ProyectoDS2\frontend\tests\login.test.js">
    <testCase name="Pruebas interfaz Login Titulo de la página presente" duration="55"/>
    <testCase name="Pruebas interfaz Login Login hace la solicitud POST correctamente" duration="121"/>
  </file>
  <file path="C:\Users\Juan Jose Viafara\OneDrive\Escritorio\I\UNIVERSIDAD JUAN JOSE\Semestre 6\Desarrollo Software 2\ProyectoDS2\frontend\tests\navbar.test.js">
    <testCase name="pruebas interfaz de navbar Titulo de la pagina presente" duration="80"/>
    <testCase name="pruebas interfaz de navbar Boton Facturacion presente" duration="104"/>
    <testCase name="pruebas interfaz de navbar Boton Facturacion presente" duration="25"/>
  </file>
  <file path="C:\Users\Juan Jose Viafara\OneDrive\Escritorio\I\UNIVERSIDAD JUAN JOSE\Semestre 6\Desarrollo Software 2\ProyectoDS2\frontend\tests\facturacion.test.js">
    <testCase name="pruebas interfaz de facturacion Titulo de la pagina presente" duration="245"/>
    <testCase name="pruebas interfaz de facturacion Informacion del vendendor y cliente presente" duration="116"/>
    <testCase name="pruebas interfaz de facturacion Boton para añadir productos funciona" duration="242"/>
    <testCase name="pruebas interfaz de facturacion Crear factura hace la solicitud POST correctamente" duration="237"/>
    <testCase name="pruebas interfaz de facturacion Añadir producto actualiza la lista de productos correctamente" duration="219"/>
  </file>
  <file path="C:\Users\Juan Jose Viafara\OneDrive\Escritorio\I\UNIVERSIDAD JUAN JOSE\Semestre 6\Desarrollo Software 2\ProyectoDS2\frontend\tests\productos.test.js">
    <testCase name="pruebas interfaz de productos Titulo de la pagina presente" duration="82"/>
    <testCase name="pruebas interfaz de productos Boton para añadir productos presente" duration="78"/>
    <testCase name="pruebas interfaz de productos Boton para añadir productos funciona" duration="121"/>
    <testCase name="pruebas interfaz de productos Formulario para añadir productos presente" duration="82"/>
    <testCase name="pruebas interfaz de productos Boton para añadir un producto funciona" duration="487"/>
    <testCase name="pruebas interfaz de productos Se puede editar el fabricante de un producto" duration="135"/>
    <testCase name="Pruebas interfaz listProducts Muestra correctamente la lista de productos" duration="104"/>
  </file>
</testExecutions>